# JRE version: OpenJDK Runtime Environment (15.0+36) (build 15+36-1562)
# Java VM: OpenJDK 64-Bit Server VM (15+36-1562, mixed mode, sharing, tiered, compressed oops, g1 gc, windows-amd64)
GC Precious Log:
 CPUs: 8 total, 8 available
 Memory: 16252M
 Large Page Support: Disabled
 NUMA Support: Disabled
 Compressed Oops: Enabled (Zero based)
 Heap Region Size: 2M
 Heap Min Capacity: 8M
 Heap Initial Capacity: 254M
 Heap Max Capacity: 4064M
 Pre-touch: Disabled
 Parallel Workers: 8
 Concurrent Workers: 2
 Concurrent Refinement Workers: 8
 Periodic GC: Disabled
Heap:
 garbage-first heap   total 452608K, used 39913K [0x0000000702000000, 0x0000000800000000)
  region size 2048K, 19 young (38912K), 2 survivors (4096K)
 Metaspace       used 3768K, capacity 5993K, committed 6272K, reserved 1056768K
  class space    used 303K, capacity 565K, committed 640K, reserved 1048576K
GC Heap History (20 events):
Event: 30.189 GC heap before
{Heap before GC invocations=169 (full 0):
 garbage-first heap   total 452608K, used 273478K [0x0000000702000000, 0x0000000800000000)
  region size 2048K, 132 young (270336K), 2 survivors (4096K)
 Metaspace       used 3768K, capacity 5993K, committed 6272K, reserved 1056768K
  class space    used 303K, capacity 565K, committed 640K, reserved 1048576K
}
Event: 30.190 GC heap after
{Heap after GC invocations=170 (full 0):
 garbage-first heap   total 452608K, used 7657K [0x0000000702000000, 0x0000000800000000)
  region size 2048K, 2 young (4096K), 2 survivors (4096K)
 Metaspace       used 3768K, capacity 5993K, committed 6272K, reserved 1056768K
  class space    used 303K, capacity 565K, committed 640K, reserved 1048576K
}
Event: 30.354 GC heap before
{Heap before GC invocations=170 (full 0):
 garbage-first heap   total 452608K, used 273897K [0x0000000702000000, 0x0000000800000000)
  region size 2048K, 132 young (270336K), 2 survivors (4096K)
 Metaspace       used 3768K, capacity 5993K, committed 6272K, reserved 1056768K
  class space    used 303K, capacity 565K, committed 640K, reserved 1048576K
}
Event: 30.355 GC heap after
{Heap after GC invocations=171 (full 0):
 garbage-first heap   total 452608K, used 6887K [0x0000000702000000, 0x0000000800000000)
  region size 2048K, 2 young (4096K), 2 survivors (4096K)
 Metaspace       used 3768K, capacity 5993K, committed 6272K, reserved 1056768K
  class space    used 303K, capacity 565K, committed 640K, reserved 1048576K
}
Event: 30.519 GC heap before
{Heap before GC invocations=171 (full 0):
 garbage-first heap   total 452608K, used 273127K [0x0000000702000000, 0x0000000800000000)
  region size 2048K, 132 young (270336K), 2 survivors (4096K)
 Metaspace       used 3768K, capacity 5993K, committed 6272K, reserved 1056768K
  class space    used 303K, capacity 565K, committed 640K, reserved 1048576K
}
Event: 30.520 GC heap after
{Heap after GC invocations=172 (full 0):
 garbage-first heap   total 452608K, used 7129K [0x0000000702000000, 0x0000000800000000)
  region size 2048K, 2 young (4096K), 2 survivors (4096K)
 Metaspace       used 3768K, capacity 5993K, committed 6272K, reserved 1056768K
  class space    used 303K, capacity 565K, committed 640K, reserved 1048576K
}
Event: 30.695 GC heap before
{Heap before GC invocations=172 (full 0):
 garbage-first heap   total 452608K, used 273369K [0x0000000702000000, 0x0000000800000000)
  region size 2048K, 132 young (270336K), 2 survivors (4096K)
 Metaspace       used 3768K, capacity 5993K, committed 6272K, reserved 1056768K
  class space    used 303K, capacity 565K, committed 640K, reserved 1048576K
}
Event: 30.696 GC heap after
{Heap after GC invocations=173 (full 0):
 garbage-first heap   total 452608K, used 7398K [0x0000000702000000, 0x0000000800000000)
  region size 2048K, 2 young (4096K), 2 survivors (4096K)
 Metaspace       used 3768K, capacity 5993K, committed 6272K, reserved 1056768K
  class space    used 303K, capacity 565K, committed 640K, reserved 1048576K
}
Event: 30.860 GC heap before
{Heap before GC invocations=173 (full 0):
 garbage-first heap   total 452608K, used 273638K [0x0000000702000000, 0x0000000800000000)
  region size 2048K, 132 young (270336K), 2 survivors (4096K)
 Metaspace       used 3768K, capacity 5993K, committed 6272K, reserved 1056768K
  class space    used 303K, capacity 565K, committed 640K, reserved 1048576K
}
Event: 30.861 GC heap after
{Heap after GC invocations=174 (full 0):
 garbage-first heap   total 452608K, used 6758K [0x0000000702000000, 0x0000000800000000)
  region size 2048K, 2 young (4096K), 2 survivors (4096K)
 Metaspace       used 3768K, capacity 5993K, committed 6272K, reserved 1056768K
  class space    used 303K, capacity 565K, committed 640K, reserved 1048576K
}
Event: 31.036 GC heap before
{Heap before GC invocations=174 (full 0):
 garbage-first heap   total 452608K, used 272998K [0x0000000702000000, 0x0000000800000000)
  region size 2048K, 132 young (270336K), 2 survivors (4096K)
 Metaspace       used 3768K, capacity 5993K, committed 6272K, reserved 1056768K
  class space    used 303K, capacity 565K, committed 640K, reserved 1048576K
}
Event: 31.037 GC heap after
{Heap after GC invocations=175 (full 0):
 garbage-first heap   total 452608K, used 6961K [0x0000000702000000, 0x0000000800000000)
  region size 2048K, 2 young (4096K), 2 survivors (4096K)
 Metaspace       used 3768K, capacity 5993K, committed 6272K, reserved 1056768K
  class space    used 303K, capacity 565K, committed 640K, reserved 1048576K
}
Event: 31.201 GC heap before
{Heap before GC invocations=175 (full 0):
 garbage-first heap   total 452608K, used 273201K [0x0000000702000000, 0x0000000800000000)
  region size 2048K, 132 young (270336K), 2 survivors (4096K)
 Metaspace       used 3768K, capacity 5993K, committed 6272K, reserved 1056768K
  class space    used 303K, capacity 565K, committed 640K, reserved 1048576K
}
Event: 31.202 GC heap after
{Heap after GC invocations=176 (full 0):
 garbage-first heap   total 452608K, used 7264K [0x0000000702000000, 0x0000000800000000)
  region size 2048K, 2 young (4096K), 2 survivors (4096K)
 Metaspace       used 3768K, capacity 5993K, committed 6272K, reserved 1056768K
  class space    used 303K, capacity 565K, committed 640K, reserved 1048576K
}
Event: 31.378 GC heap before
{Heap before GC invocations=176 (full 0):
 garbage-first heap   total 452608K, used 273504K [0x0000000702000000, 0x0000000800000000)
  region size 2048K, 132 young (270336K), 2 survivors (4096K)
 Metaspace       used 3768K, capacity 5993K, committed 6272K, reserved 1056768K
  class space    used 303K, capacity 565K, committed 640K, reserved 1048576K
}
Event: 31.379 GC heap after
{Heap after GC invocations=177 (full 0):
 garbage-first heap   total 452608K, used 7596K [0x0000000702000000, 0x0000000800000000)
  region size 2048K, 2 young (4096K), 2 survivors (4096K)
 Metaspace       used 3768K, capacity 5993K, committed 6272K, reserved 1056768K
  class space    used 303K, capacity 565K, committed 640K, reserved 1048576K
}
Event: 31.543 GC heap before
{Heap before GC invocations=177 (full 0):
 garbage-first heap   total 452608K, used 273836K [0x0000000702000000, 0x0000000800000000)
  region size 2048K, 132 young (270336K), 2 survivors (4096K)
 Metaspace       used 3768K, capacity 5993K, committed 6272K, reserved 1056768K
  class space    used 303K, capacity 565K, committed 640K, reserved 1048576K
}
Event: 31.544 GC heap after
{Heap after GC invocations=178 (full 0):
 garbage-first heap   total 452608K, used 6895K [0x0000000702000000, 0x0000000800000000)
  region size 2048K, 2 young (4096K), 2 survivors (4096K)
 Metaspace       used 3768K, capacity 5993K, committed 6272K, reserved 1056768K
  class space    used 303K, capacity 565K, committed 640K, reserved 1048576K
}
Event: 31.707 GC heap before
{Heap before GC invocations=178 (full 0):
 garbage-first heap   total 452608K, used 273135K [0x0000000702000000, 0x0000000800000000)
  region size 2048K, 132 young (270336K), 2 survivors (4096K)
 Metaspace       used 3768K, capacity 5993K, committed 6272K, reserved 1056768K
  class space    used 303K, capacity 565K, committed 640K, reserved 1048576K
}
Event: 31.708 GC heap after
{Heap after GC invocations=179 (full 0):
 garbage-first heap   total 452608K, used 7145K [0x0000000702000000, 0x0000000800000000)
  region size 2048K, 2 young (4096K), 2 survivors (4096K)
 Metaspace       used 3768K, capacity 5993K, committed 6272K, reserved 1056768K
  class space    used 303K, capacity 565K, committed 640K, reserved 1048576K
}

