# JRE version: OpenJDK Runtime Environment (15.0+36) (build 15+36-1562)
# Java VM: OpenJDK 64-Bit Server VM (15+36-1562, mixed mode, sharing, tiered, compressed oops, g1 gc, windows-amd64)
GC Precious Log:
 CPUs: 8 total, 8 available
 Memory: 16252M
 Large Page Support: Disabled
 NUMA Support: Disabled
 Compressed Oops: Enabled (Zero based)
 Heap Region Size: 2M
 Heap Min Capacity: 8M
 Heap Initial Capacity: 254M
 Heap Max Capacity: 4064M
 Pre-touch: Disabled
 Parallel Workers: 8
 Concurrent Workers: 2
 Concurrent Refinement Workers: 8
 Periodic GC: Disabled
Heap:
 garbage-first heap   total 452608K, used 138180K [0x0000000702000000, 0x0000000800000000)
  region size 2048K, 66 young (135168K), 2 survivors (4096K)
 Metaspace       used 11156K, capacity 11376K, committed 11520K, reserved 1058816K
  class space    used 1101K, capacity 1182K, committed 1280K, reserved 1048576K
GC Heap History (20 events):
Event: 56.121 GC heap before
{Heap before GC invocations=310 (full 0):
 garbage-first heap   total 452608K, used 275003K [0x0000000702000000, 0x0000000800000000)
  region size 2048K, 132 young (270336K), 2 survivors (4096K)
 Metaspace       used 3785K, capacity 5993K, committed 6272K, reserved 1056768K
  class space    used 303K, capacity 565K, committed 640K, reserved 1048576K
}
Event: 56.121 GC heap after
{Heap after GC invocations=311 (full 0):
 garbage-first heap   total 452608K, used 8202K [0x0000000702000000, 0x0000000800000000)
  region size 2048K, 2 young (4096K), 2 survivors (4096K)
 Metaspace       used 3785K, capacity 5993K, committed 6272K, reserved 1056768K
  class space    used 303K, capacity 565K, committed 640K, reserved 1048576K
}
Event: 56.292 GC heap before
{Heap before GC invocations=311 (full 0):
 garbage-first heap   total 452608K, used 274442K [0x0000000702000000, 0x0000000800000000)
  region size 2048K, 132 young (270336K), 2 survivors (4096K)
 Metaspace       used 3785K, capacity 5993K, committed 6272K, reserved 1056768K
  class space    used 303K, capacity 565K, committed 640K, reserved 1048576K
}
Event: 56.293 GC heap after
{Heap after GC invocations=312 (full 0):
 garbage-first heap   total 452608K, used 8513K [0x0000000702000000, 0x0000000800000000)
  region size 2048K, 2 young (4096K), 2 survivors (4096K)
 Metaspace       used 3785K, capacity 5993K, committed 6272K, reserved 1056768K
  class space    used 303K, capacity 565K, committed 640K, reserved 1048576K
}
Event: 56.464 GC heap before
{Heap before GC invocations=312 (full 0):
 garbage-first heap   total 452608K, used 274753K [0x0000000702000000, 0x0000000800000000)
  region size 2048K, 132 young (270336K), 2 survivors (4096K)
 Metaspace       used 3785K, capacity 5993K, committed 6272K, reserved 1056768K
  class space    used 303K, capacity 565K, committed 640K, reserved 1048576K
}
Event: 56.465 GC heap after
{Heap after GC invocations=313 (full 0):
 garbage-first heap   total 452608K, used 8858K [0x0000000702000000, 0x0000000800000000)
  region size 2048K, 2 young (4096K), 2 survivors (4096K)
 Metaspace       used 3785K, capacity 5993K, committed 6272K, reserved 1056768K
  class space    used 303K, capacity 565K, committed 640K, reserved 1048576K
}
Event: 56.638 GC heap before
{Heap before GC invocations=313 (full 0):
 garbage-first heap   total 452608K, used 275098K [0x0000000702000000, 0x0000000800000000)
  region size 2048K, 132 young (270336K), 2 survivors (4096K)
 Metaspace       used 3785K, capacity 5993K, committed 6272K, reserved 1056768K
  class space    used 303K, capacity 565K, committed 640K, reserved 1048576K
}
Event: 56.639 GC heap after
{Heap after GC invocations=314 (full 0):
 garbage-first heap   total 452608K, used 8297K [0x0000000702000000, 0x0000000800000000)
  region size 2048K, 2 young (4096K), 2 survivors (4096K)
 Metaspace       used 3785K, capacity 5993K, committed 6272K, reserved 1056768K
  class space    used 303K, capacity 565K, committed 640K, reserved 1048576K
}
Event: 56.814 GC heap before
{Heap before GC invocations=314 (full 0):
 garbage-first heap   total 452608K, used 274537K [0x0000000702000000, 0x0000000800000000)
  region size 2048K, 132 young (270336K), 2 survivors (4096K)
 Metaspace       used 3785K, capacity 5993K, committed 6272K, reserved 1056768K
  class space    used 303K, capacity 565K, committed 640K, reserved 1048576K
}
Event: 56.815 GC heap after
{Heap after GC invocations=315 (full 0):
 garbage-first heap   total 452608K, used 8592K [0x0000000702000000, 0x0000000800000000)
  region size 2048K, 2 young (4096K), 2 survivors (4096K)
 Metaspace       used 3785K, capacity 5993K, committed 6272K, reserved 1056768K
  class space    used 303K, capacity 565K, committed 640K, reserved 1048576K
}
Event: 56.992 GC heap before
{Heap before GC invocations=315 (full 0):
 garbage-first heap   total 452608K, used 274832K [0x0000000702000000, 0x0000000800000000)
  region size 2048K, 132 young (270336K), 2 survivors (4096K)
 Metaspace       used 3785K, capacity 5993K, committed 6272K, reserved 1056768K
  class space    used 303K, capacity 565K, committed 640K, reserved 1048576K
}
Event: 56.993 GC heap after
{Heap after GC invocations=316 (full 0):
 garbage-first heap   total 452608K, used 8967K [0x0000000702000000, 0x0000000800000000)
  region size 2048K, 2 young (4096K), 2 survivors (4096K)
 Metaspace       used 3785K, capacity 5993K, committed 6272K, reserved 1056768K
  class space    used 303K, capacity 565K, committed 640K, reserved 1048576K
}
Event: 57.171 GC heap before
{Heap before GC invocations=316 (full 0):
 garbage-first heap   total 452608K, used 275207K [0x0000000702000000, 0x0000000800000000)
  region size 2048K, 132 young (270336K), 2 survivors (4096K)
 Metaspace       used 3785K, capacity 5993K, committed 6272K, reserved 1056768K
  class space    used 303K, capacity 565K, committed 640K, reserved 1048576K
}
Event: 57.172 GC heap after
{Heap after GC invocations=317 (full 0):
 garbage-first heap   total 452608K, used 8431K [0x0000000702000000, 0x0000000800000000)
  region size 2048K, 2 young (4096K), 2 survivors (4096K)
 Metaspace       used 3785K, capacity 5993K, committed 6272K, reserved 1056768K
  class space    used 303K, capacity 565K, committed 640K, reserved 1048576K
}
Event: 57.352 GC heap before
{Heap before GC invocations=317 (full 0):
 garbage-first heap   total 452608K, used 274671K [0x0000000702000000, 0x0000000800000000)
  region size 2048K, 132 young (270336K), 2 survivors (4096K)
 Metaspace       used 3785K, capacity 5993K, committed 6272K, reserved 1056768K
  class space    used 303K, capacity 565K, committed 640K, reserved 1048576K
}
Event: 57.354 GC heap after
{Heap after GC invocations=318 (full 0):
 garbage-first heap   total 452608K, used 8702K [0x0000000702000000, 0x0000000800000000)
  region size 2048K, 2 young (4096K), 2 survivors (4096K)
 Metaspace       used 3785K, capacity 5993K, committed 6272K, reserved 1056768K
  class space    used 303K, capacity 565K, committed 640K, reserved 1048576K
}
Event: 57.547 GC heap before
{Heap before GC invocations=318 (full 0):
 garbage-first heap   total 452608K, used 274942K [0x0000000702000000, 0x0000000800000000)
  region size 2048K, 132 young (270336K), 2 survivors (4096K)
 Metaspace       used 3790K, capacity 5993K, committed 6272K, reserved 1056768K
  class space    used 303K, capacity 565K, committed 640K, reserved 1048576K
}
Event: 57.548 GC heap after
{Heap after GC invocations=319 (full 0):
 garbage-first heap   total 452608K, used 9204K [0x0000000702000000, 0x0000000800000000)
  region size 2048K, 2 young (4096K), 2 survivors (4096K)
 Metaspace       used 3790K, capacity 5993K, committed 6272K, reserved 1056768K
  class space    used 303K, capacity 565K, committed 640K, reserved 1048576K
}
Event: 57.744 GC heap before
{Heap before GC invocations=319 (full 0):
 garbage-first heap   total 452608K, used 275444K [0x0000000702000000, 0x0000000800000000)
  region size 2048K, 132 young (270336K), 2 survivors (4096K)
 Metaspace       used 3795K, capacity 5993K, committed 6272K, reserved 1056768K
  class space    used 304K, capacity 565K, committed 640K, reserved 1048576K
}
Event: 57.745 GC heap after
{Heap after GC invocations=320 (full 0):
 garbage-first heap   total 452608K, used 9156K [0x0000000702000000, 0x0000000800000000)
  region size 2048K, 2 young (4096K), 2 survivors (4096K)
 Metaspace       used 3795K, capacity 5993K, committed 6272K, reserved 1056768K
  class space    used 304K, capacity 565K, committed 640K, reserved 1048576K
}

